Cleaning up old files...
Cleaning pcap files older than 24 hours...
PCAP cleanup complete
Cleaning Suricata logs older than 7 days...
Suricata logs cleanup complete
Cleaning Zeek logs older than 7 days...
Zeek logs cleanup complete
Cleaning MQTT collector logs older than 7 days...
MQTT collector logs cleanup complete

Current disk usage:
1.6M	/home/rakeshry/Pi_Server/pcap
72M	/home/rakeshry/Pi_Server/suricata/logs
68K	/home/rakeshry/Pi_Server/zeek/logs
4.0K	/home/rakeshry/Pi_Server/mqtt-collector/logs

Cleanup complete!
Cleaning up old files...
Cleaning pcap files older than 24 hours...
PCAP cleanup complete
Cleaning Suricata logs older than 7 days...
Suricata logs cleanup complete
Cleaning Zeek logs older than 7 days...
Zeek logs cleanup complete
Cleaning MQTT collector logs older than 7 days...
MQTT collector logs cleanup complete

Current disk usage:
220K	/home/rakeshry/Pi_Server/pcap
46M	/home/rakeshry/Pi_Server/suricata/logs
68K	/home/rakeshry/Pi_Server/zeek/logs
4.0K	/home/rakeshry/Pi_Server/mqtt-collector/logs

Cleanup complete!
Cleaning up old files...
Cleaning pcap files older than 24 hours...
PCAP cleanup complete
Cleaning Suricata logs older than 7 days...
Suricata logs cleanup complete
Cleaning Zeek logs older than 7 days...
Zeek logs cleanup complete
Cleaning MQTT collector logs older than 7 days...
MQTT collector logs cleanup complete

Current disk usage:
32K	/home/rakeshry/Pi_Server/pcap
175M	/home/rakeshry/Pi_Server/suricata/logs
100K	/home/rakeshry/Pi_Server/zeek/logs
4.0K	/home/rakeshry/Pi_Server/mqtt-collector/logs

Cleanup complete!
/bin/sh: 1: /home/rakeshry/Pi_Server/cleanup-old-files.sh: not found
